"D:/UnrealProjects/RoombaWars/Content/Gamemodes/Hungry/Hungry_Loading.uasset" 0
"D:/UnrealProjects/RoombaWars/Content/Gamemodes/Racing/Racing_Loading.uasset" 1
"D:/UnrealProjects/RoombaWars/Content/Gamemodes/Tron/Tron_Loading.uasset" 2
"D:/UnrealProjects/RoombaWars/Content/PlayerFiles/Lobby/ColorSelect.uasset" 3
"../../../Engine/Content/EngineMaterials/T_Default_Material_Grid_N.uasset" 4
"../../../Engine/Content/EngineMaterials/T_Default_Material_Grid_M.uasset" 5
"../../../Engine/Content/Functions/Engine_MaterialFunctions01/Opacity/CameraDepthFade.uasset" 6
"../../../Engine/Content/EngineMaterials/WorldGridMaterial.uasset" 7
"../../../Engine/Content/ArtTools/RenderToTexture/Meshes/S_1_Unit_Plane.uasset" 8
"../../../Engine/Content/EngineMaterials/DefaultMaterial.uasset" 9
"../../../Engine/Content/BasicShapes/Cone.uasset" 10
"../../../Engine/Content/EditorLandscapeResources/DataLayer.uasset" 11
"../../../Engine/Content/EditorLandscapeResources/DefaultAlphaTexture.uasset" 12
"../../../Engine/Content/EditorMaterials/MAT_Groups_Toggle.uasset" 13
"../../../Engine/Content/EditorMaterials/MAT_Groups_Visibility.uasset" 14
"../../../Engine/Content/EditorMaterials/PreviewShadowIndicator.uasset" 15
"../../../Engine/Content/EditorMaterials/PreviewShadowIndicatorMaterial.uasset" 16
"../../../Engine/Content/EditorMaterials/MatineeGroups/MAT_ColorTrack.uasset" 17
"../../../Engine/Content/EditorMaterials/MatineeGroups/MAT_Groups_Anim.uasset" 18
"../../../Engine/Content/EditorMaterials/MatineeGroups/MAT_Groups_AudioMaster.uasset" 19
"../../../Engine/Content/EditorMaterials/MatineeGroups/MAT_Groups_Director.uasset" 20
"../../../Engine/Content/EditorMaterials/MatineeGroups/MAT_Groups_Event.uasset" 21
"../../../Engine/Content/EditorMaterials/MatineeGroups/MAT_Groups_Fade.uasset" 22
"../../../Engine/Content/EditorMaterials/MatineeGroups/MAT_Groups_Float.uasset" 23
"../../../Engine/Content/EditorMaterials/MatineeGroups/MAT_Groups_Move.uasset" 24
"../../../Engine/Content/EditorMaterials/MatineeGroups/MAT_Groups_Slomo.uasset" 25
"../../../Engine/Content/EditorMaterials/MatineeGroups/MAT_Groups_Sound.uasset" 26
"../../../Engine/Content/EditorMaterials/MatineeGroups/MAT_Groups_Vector.uasset" 27
"../../../Engine/Content/EditorMaterials/ParticleSystems/PSysThumbnail_NoImage.uasset" 28
"../../../Engine/Content/EditorMaterials/ParticleSystems/PSysThumbnail_OOD.uasset" 29
"../../../Engine/Content/EditorMaterials/Camera/CineMat.uasset" 30
"../../../Engine/Content/EditorMaterials/Camera/MI_CineMat_Rig.uasset" 31
"../../../Engine/Content/EditorMeshes/Camera/SM_CraneRig_Arm.uasset" 32
"../../../Engine/Content/EditorMeshes/Camera/SM_CraneRig_Base.uasset" 33
"../../../Engine/Content/EditorMeshes/Camera/SM_CraneRig_Body.uasset" 34
"../../../Engine/Content/EditorMeshes/Camera/SM_CraneRig_Mount.uasset" 35
"../../../Engine/Content/EditorMeshes/Camera/SM_RailRig_Mount.uasset" 36
"../../../Engine/Content/EditorMeshes/Camera/SM_RailRig_Track.uasset" 37
"../../../Engine/Content/EditorResources/BSPVertex.uasset" 38
"../../../Engine/Content/EditorResources/EmptyActor.uasset" 39
"../../../Engine/Content/EditorResources/S_Actor.uasset" 40
"../../../Engine/Content/EditorResources/S_Note.uasset" 41
"../../../Engine/Content/EditorResources/S_Solver.uasset" 42
"../../../Engine/Content/EditorResources/S_Terrain.uasset" 43
"../../../Engine/Content/EditorResources/S_Trigger.uasset" 44
"../../../Engine/Content/EditorResources/LightIcons/S_LightError.uasset" 45
"../../../Engine/Content/EditorResources/SequenceRecorder/Countdown.uasset" 46
"../../../Engine/Content/EditorResources/SequenceRecorder/RecordingIndicator.uasset" 47
"../../../Engine/Content/EngineDamageTypes/DmgTypeBP_Environmental.uasset" 48
"../../../Engine/Content/EngineDebugMaterials/DebugEditorMaterial.uasset" 49
"../../../Engine/Content/EngineDebugMaterials/DebugMeshMaterial.uasset" 50
"../../../Engine/Content/EngineDebugMaterials/M_SimpleUnlitTranslucent.uasset" 51
"../../../Engine/Content/EngineDebugMaterials/VolumeToRender.uasset" 52
"../../../Engine/Content/Functions/Engine_MaterialFunctions02/Utility/CameraDirectionVector.uasset" 53
"../../../Engine/Content/EngineDebugMaterials/M_VolumeRenderSphereTracePP.uasset" 54
"../../../Engine/Content/Functions/Engine_MaterialFunctions01/Shading/ConvertFromDiffSpec.uasset" 55
"../../../Engine/Content/EngineDebugMaterials/VertexColorMaterial.uasset" 56
"../../../Engine/Content/EngineDebugMaterials/WireframeMaterial.uasset" 57
"../../../Engine/Content/EngineMaterials/BaseFlattenNormalMap.uasset" 58
"../../../Engine/Content/EngineMaterials/BaseFlattenGrayscaleMap.uasset" 59
"../../../Engine/Content/EngineMaterials/BaseFlattenEmissiveMap.uasset" 60
"../../../Engine/Content/EngineMaterials/BaseFlattenDiffuseMap.uasset" 61
"../../../Engine/Content/EngineMaterials/BaseFlattenMaterial.uasset" 62
"../../../Engine/Content/EngineMaterials/BlueNoise.uasset" 63
"../../../Engine/Content/EngineMaterials/DefaultBloomKernel.uasset" 64
"../../../Engine/Content/EngineMaterials/DefaultBokeh.uasset" 65
"../../../Engine/Content/EngineMaterials/DefaultDiffuse.uasset" 66
"../../../Engine/Content/EngineMaterials/DefaultDeferredDecalMaterial.uasset" 67
"../../../Engine/Content/EngineMaterials/DefaultLightFunctionMaterial.uasset" 68
"../../../Engine/Content/EngineMaterials/DefaultPhysicalMaterial.uasset" 69
"../../../Engine/Content/Functions/Engine_MaterialFunctions02/Utility/BreakOutFloat2Components.uasset" 70
"../../../Engine/Content/EngineMaterials/DefaultPostProcessMaterial.uasset" 71
"../../../Engine/Content/EngineFonts/RobotoDistanceField.uasset" 72
"../../../Engine/Content/EngineMaterials/DefaultTextMaterialOpaque.uasset" 73
"../../../Engine/Content/EngineMaterials/DefaultWhiteGrid.uasset" 74
"../../../Engine/Content/EngineMaterials/DefaultWhiteGrid_Low.uasset" 75
"../../../Engine/Content/EngineMaterials/EmissiveMeshMaterial.uasset" 76
"../../../Engine/Content/EngineMaterials/GizmoMaterial.uasset" 77
"../../../Engine/Content/EngineMaterials/Good64x64TilingNoiseHighFreq.uasset" 78
"../../../Engine/Content/EngineMaterials/MiniFont.uasset" 79
"../../../Engine/Content/EngineMaterials/InvalidLightmapSettings.uasset" 80
"../../../Engine/Content/EngineMaterials/M_InvalidLightmapSettings.uasset" 81
"../../../Engine/Content/Functions/Engine_MaterialFunctions02/WorldPositionOffset/CameraOffset.uasset" 82
"../../../Engine/Content/EngineMaterials/PhAT_JointLimitMaterial.uasset" 83
"../../../Engine/Content/EngineMaterials/PreintegratedSkinBRDF.uasset" 84
"../../../Engine/Content/EngineMaterials/RemoveSurfaceMaterial.uasset" 85
"../../../Engine/Content/EngineMaterials/WeightMapPlaceholderTexture.uasset" 86
"../../../Engine/Content/EngineResources/WhiteSquareTexture.uasset" 87
"../../../Engine/Content/EngineMaterials/Widget3DPassThrough.uasset" 88
"../../../Engine/Content/EngineMaterials/Widget3DPassThrough_Masked.uasset" 89
"../../../Engine/Content/EngineMaterials/Widget3DPassThrough_Opaque.uasset" 90
"../../../Engine/Content/EngineMaterials/Widget3DPassThrough_Masked_OneSided.uasset" 91
"../../../Engine/Content/EngineMaterials/Widget3DPassThrough_Opaque_OneSided.uasset" 92
"../../../Engine/Content/EngineMaterials/Widget3DPassThrough_Translucent.uasset" 93
"../../../Engine/Content/EngineMaterials/Widget3DPassThrough_Translucent_OneSided.uasset" 94
"../../../Engine/Content/EngineMeshes/Cube.uasset" 95
"../../../Engine/Content/EngineMeshes/Cylinder.uasset" 96
"../../../Engine/Content/EngineMeshes/Sphere.uasset" 97
"../../../Engine/Content/EngineResources/Black.uasset" 98
"../../../Engine/Content/EngineResources/DefaultTextureCube.uasset" 99
"../../../Engine/Content/EngineResources/DefaultVolumeTexture2D.uasset" 100
"../../../Engine/Content/EngineResources/DefaultVolumeTexture.uasset" 101
"../../../Engine/Content/EngineResources/GradientTexture0.uasset" 102
"../../../Engine/Content/EngineSky/VolumetricClouds/T_NoiseShape64.uasset" 103
"../../../Engine/Content/EngineSky/VolumetricClouds/T_VolumeNoiseShape64.uasset" 104
"../../../Engine/Content/EngineSky/VolumetricClouds/T_NoiseErosion.uasset" 105
"../../../Engine/Content/EngineSky/VolumetricClouds/T_VolumeNoiseErosion32.uasset" 106
"../../../Engine/Content/EngineSky/VolumetricClouds/CloudWeatherTexture.uasset" 107
"../../../Engine/Content/EngineSky/VolumetricClouds/CloudGradientTexture.uasset" 108
"../../../Engine/Content/Functions/Engine_MaterialFunctions02/Utility/MakeFloat2.uasset" 109
"../../../Engine/Content/EngineSky/VolumetricClouds/m_SimpleVolumetricCloud.uasset" 110
"../../../Engine/Content/EngineSky/VolumetricClouds/m_SimpleVolumetricCloud_Inst.uasset" 111
"../../../Engine/Content/EngineSounds/Master.uasset" 112
"../../../Engine/Content/Functions/Engine_MaterialFunctions01/Shading/PowerToRoughness.uasset" 113
"../../../Engine/Content/Maps/Templates/Thumbnails/Default.uasset" 114
"../../../Engine/Content/Maps/Templates/Thumbnails/TimeOfDay.uasset" 115
"../../../Engine/Content/Maps/Templates/Thumbnails/VR-Basic.uasset" 116
"../../../Engine/Content/MobileResources/T_MobileControls_texture.uasset" 117
"../../../Engine/Content/MobileResources/T_MobileMenu2.uasset" 118
"../../../Engine/Content/MobileResources/HUD/AnalogHat.uasset" 119
"../../../Engine/Content/MobileResources/HUD/VirtualJoystick_Thumb.uasset" 120
"../../../Engine/Content/MobileResources/HUD/VirtualJoystick_Background.uasset" 121
"../../../Engine/Content/MobileResources/HUD/DefaultVirtualJoysticks.uasset" 122
"../../../Engine/Content/MobileResources/HUD/LeftVirtualJoystickOnly.uasset" 123
"../../../Engine/Content/MobileResources/HUD/MobileHUDButton1_off.uasset" 124
"../../../Engine/Content/MobileResources/HUD/MobileHUDButton1_on.uasset" 125
"../../../Engine/Content/MobileResources/HUD/MobileHUDButton2_off.uasset" 126
"../../../Engine/Content/MobileResources/HUD/MobileHUDButton2_on.uasset" 127
"../../../Engine/Content/MobileResources/HUD/MobileHUDButton3.uasset" 128
"../../../Engine/Content/MobileResources/HUD/MobileHUDButtonFire.uasset" 129
"../../../Engine/Content/MobileResources/HUD/MobileHUDDirectionPad.uasset" 130
"../../../Engine/Content/MobileResources/HUD/MobileHUDDirectionPad2.uasset" 131
"../../../Engine/Content/MobileResources/HUD/MobileHUDDirectionPad3.uasset" 132
"../../../Engine/Content/MobileResources/HUD/MobileHUDDirectionStick.uasset" 133
"../../../Engine/Content/MobileResources/HUD/T_Castle_ThumbstickInner.uasset" 134
"../../../Engine/Content/MobileResources/HUD/T_Castle_ThumbstickOutter.uasset" 135
"../../../Engine/Content/Tutorial/ContentIntroCurve.uasset" 136
"../../../Engine/Content/Tutorial/Basics/LevelEditorAttract.uasset" 137
"../../../Engine/Content/Tutorial/Basics/TutorialAssets/icon_tab_Levels_40x.uasset" 138
"../../../Engine/Content/Tutorial/Basics/LevelEditorOverview.uasset" 139
"../../../Engine/Content/Tutorial/BlueprintTutorials/TutorialAssets/Blueprint_64x.uasset" 140
"../../../Engine/Content/Tutorial/BlueprintTutorials/BlueprintEditorTutorial.uasset" 141
"../../../Engine/Content/Tutorial/BlueprintTutorials/LevelBlueprintEditorOverview.uasset" 142
"../../../Engine/Content/Tutorial/SubEditors/StaticMeshEditorTutorial.uasset" 143
"../../../Engine/Content/VREditor/TransformGizmo/TranslucentTransformGizmoMaterial.uasset" 144
"../../../Engine/Content/VREditor/LaserPointer/VR_LaserPower_01.uasset" 145
"../../../Engine/Content/VREditor/TransformGizmo/TransformGizmoMaterial.uasset" 146
"../../../Engine/Content/VREditor/TransformGizmo/BoundingBoxCorner.uasset" 147
"../../../Engine/Content/VREditor/TransformGizmo/BoundingBoxEdge.uasset" 148
"../../../Engine/Content/VREditor/TransformGizmo/PlaneTranslationHandle.uasset" 149
"../../../Engine/Content/VREditor/TransformGizmo/Xray.uasset" 150
"../../../Engine/Content/VREditor/TransformGizmo/Main.uasset" 151
"../../../Engine/Content/VREditor/TransformGizmo/SM_Sequencer_Key.uasset" 152
"../../../Engine/Content/VREditor/TransformGizmo/SM_Sequencer_Node.uasset" 153
"../../Plugins/2D/Paper2D/Content/PlaceholderTextures/DummySpriteTexture.uasset" 154
"../../Plugins/2D/Paper2D/Content/DummySprite.uasset" 155
"../../Plugins/2D/Paper2D/Content/DefaultPaperTerrainMaterial.uasset" 156
"../../Plugins/2D/Paper2D/Content/DefaultSpriteMaterial.uasset" 157
"../../Plugins/2D/Paper2D/Content/MaskedUnlitSpriteMaterial.uasset" 158
"../../Plugins/2D/Paper2D/Content/OpaqueUnlitSpriteMaterial.uasset" 159
"../../../Engine/Content/Functions/Engine_MaterialFunctions02/ObjectLocalBounds.uasset" 160
"../../../Engine/Content/Functions/Engine_MaterialFunctions02/Utility/BreakOutFloat3Components.uasset" 161
"../../Plugins/Editor/SpeedTreeImporter/Content/SpeedTree9/UnpackInteger3.uasset" 162
"../../Plugins/Editor/SpeedTreeImporter/Content/SpeedTree9/UnpackDirection.uasset" 163
"../../Plugins/Editor/SpeedTreeImporter/Content/SpeedTree9/game_wind_noise.uasset" 164
"../../../Engine/Content/Functions/Engine_MaterialFunctions02/SafeNormalize.uasset" 165
"../../Plugins/Editor/SpeedTreeImporter/Content/SpeedTree9/SpeedTreeWindMotion.uasset" 166
"../../Plugins/Editor/SpeedTreeImporter/Content/SpeedTree9/SpeedTreeBranchMotion.uasset" 167
"../../../Engine/Content/Functions/Engine_MaterialFunctions02/UVs/BoundingBoxBased_0-1_UVW.uasset" 168
"../../Plugins/Editor/SpeedTreeImporter/Content/SpeedTree9/SpeedTreeWind.uasset" 169
"../../Plugins/Editor/SpeedTreeImporter/Content/SpeedTree9/SpeedTreeBillboard.uasset" 170
"../../../Engine/Content/EngineResources/DefaultTexture.uasset" 171
"../../Plugins/Editor/SpeedTreeImporter/Content/SpeedTree9/SpeedTreeBillboardMaster.uasset" 172
"../../Plugins/Editor/SpeedTreeImporter/Content/SpeedTree9/SpeedTreeCameraFacing.uasset" 173
"../../Plugins/Editor/SpeedTreeImporter/Content/SpeedTree9/SpeedTreeMaster.uasset" 174
"../../../Engine/Content/BasicShapes/Cylinder.uasset" 175
"../../../Engine/Content/ArtTools/RenderToTexture/Materials/Debug/M_Emissive_Color.uasset" 176
"../../Plugins/Lumin/MagicLeapPassableWorld/Content/MagicLeapARPinInfoActor.uasset" 177
"../../../Engine/Content/Functions/Engine_MaterialFunctions02/Utility/BreakOutFloat4Components.uasset" 178
"../../../Engine/Content/Functions/Engine_MaterialFunctions02/Utility/MakeFloat3.uasset" 179
"../../Plugins/Runtime/Oculus/OculusVR/Content/Materials/OculusMR_ChromaKey.uasset" 180
"../../Plugins/Runtime/Oculus/OculusVR/Content/Materials/OculusMR_OpaqueColoredMaterial.uasset" 181
"../../Plugins/Runtime/Oculus/OculusVR/Content/Materials/PokeAHoleMaterial.uasset" 182
"D:/UnrealProjects/RoombaWars/Content/Isometric-Interiors/Materials/M_Window_Glass.uasset" 183
"D:/UnrealProjects/RoombaWars/Content/Isometric-Interiors/Textures/Texture_Atlas.uasset" 184
"D:/UnrealProjects/RoombaWars/Content/Isometric-Interiors/Materials/M_Texture_Atlas.uasset" 185
"D:/UnrealProjects/RoombaWars/Content/Isometric-Interiors/Meshes/SM_Window_6.uasset" 186
"D:/UnrealProjects/RoombaWars/Content/Isometric-Interiors/Meshes/SM_Window_3A.uasset" 187
"D:/UnrealProjects/RoombaWars/Content/Isometric-Interiors/Meshes/SM_Wash_Basin.uasset" 188
"D:/UnrealProjects/RoombaWars/Content/Isometric-Interiors/Meshes/SM_Wall_1_6.uasset" 189
"D:/UnrealProjects/RoombaWars/Content/Isometric-Interiors/Meshes/SM_Wall_1_16.uasset" 190
"D:/UnrealProjects/RoombaWars/Content/Isometric-Interiors/Meshes/SM_Wall_1_15.uasset" 191
"D:/UnrealProjects/RoombaWars/Content/Isometric-Interiors/Meshes/SM_Wall_1_14.uasset" 192
"D:/UnrealProjects/RoombaWars/Content/Isometric-Interiors/Meshes/SM_Wall_1_1.uasset" 193
"D:/UnrealProjects/RoombaWars/Content/Isometric-Interiors/Meshes/SM_TV_1B.uasset" 194
"D:/UnrealProjects/RoombaWars/Content/Isometric-Interiors/Meshes/SM_TV_1A.uasset" 195
"D:/UnrealProjects/RoombaWars/Content/Isometric-Interiors/Meshes/SM_Table_5B.uasset" 196
"D:/UnrealProjects/RoombaWars/Content/Isometric-Interiors/Meshes/SM_Table_3.uasset" 197
"D:/UnrealProjects/RoombaWars/Content/Isometric-Interiors/Meshes/SM_Table_1B.uasset" 198
"D:/UnrealProjects/RoombaWars/Content/Isometric-Interiors/Meshes/SM_Stool_2.uasset" 199
"D:/UnrealProjects/RoombaWars/Content/Isometric-Interiors/Meshes/SM_Shelves_1A.uasset" 200
"D:/UnrealProjects/RoombaWars/Content/Isometric-Interiors/Meshes/SM_Pot_Flower_2.uasset" 201
"D:/UnrealProjects/RoombaWars/Content/Isometric-Interiors/Meshes/SM_Pot_Flower_1.uasset" 202
"D:/UnrealProjects/RoombaWars/Content/Isometric-Interiors/Meshes/SM_Plate.uasset" 203
"D:/UnrealProjects/RoombaWars/Content/Isometric-Interiors/Meshes/SM_Pillow_1B.uasset" 204
"D:/UnrealProjects/RoombaWars/Content/Isometric-Interiors/Meshes/SM_Phone.uasset" 205
"D:/UnrealProjects/RoombaWars/Content/Isometric-Interiors/Meshes/SM_Paint_13.uasset" 206
"D:/UnrealProjects/RoombaWars/Content/Isometric-Interiors/Mirror_Cubemap/Mirror_1_Tex.uasset" 207
"D:/UnrealProjects/RoombaWars/Content/Isometric-Interiors/Materials/M_Mirror_Glass.uasset" 208
"D:/UnrealProjects/RoombaWars/Content/Isometric-Interiors/Meshes/SM_Mirror.uasset" 209
"D:/UnrealProjects/RoombaWars/Content/Isometric-Interiors/Meshes/SM_Microwave_Oven.uasset" 210
"D:/UnrealProjects/RoombaWars/Content/Isometric-Interiors/Meshes/SM_Lamp_night_1A.uasset" 211
"D:/UnrealProjects/RoombaWars/Content/Isometric-Interiors/Meshes/SM_Lamp_1A.uasset" 212
"D:/UnrealProjects/RoombaWars/Content/Isometric-Interiors/Meshes/SM_Kitchen_Cooking.uasset" 213
"D:/UnrealProjects/RoombaWars/Content/Isometric-Interiors/Meshes/SM_Kitchen_Cabinet_6B.uasset" 214
"D:/UnrealProjects/RoombaWars/Content/Isometric-Interiors/Meshes/SM_Kitchen_Cabinet_5B.uasset" 215
"D:/UnrealProjects/RoombaWars/Content/Isometric-Interiors/Meshes/SM_Kitchen_Cabinet_4B.uasset" 216
"D:/UnrealProjects/RoombaWars/Content/Isometric-Interiors/Meshes/SM_Kitchen_Cabinet_1B.uasset" 217
"D:/UnrealProjects/RoombaWars/Content/Isometric-Interiors/Meshes/SM_Heater.uasset" 218
"D:/UnrealProjects/RoombaWars/Content/Isometric-Interiors/Meshes/SM_Fridge.uasset" 219
"D:/UnrealProjects/RoombaWars/Content/Isometric-Interiors/Meshes/SM_Floor_3B.uasset" 220
"D:/UnrealProjects/RoombaWars/Content/Isometric-Interiors/Meshes/SM_Floor_3A.uasset" 221
"D:/UnrealProjects/RoombaWars/Content/Isometric-Interiors/Meshes/SM_Floor_1B.uasset" 222
"D:/UnrealProjects/RoombaWars/Content/Isometric-Interiors/Meshes/SM_Fan.uasset" 223
"D:/UnrealProjects/RoombaWars/Content/Isometric-Interiors/Meshes/SM_Electric_Box.uasset" 224
"D:/UnrealProjects/RoombaWars/Content/Isometric-Interiors/Meshes/SM_Towel_1.uasset" 225
"D:/UnrealProjects/RoombaWars/Content/Isometric-Interiors/Meshes/SM_Towel_Rack.uasset" 226
"D:/UnrealProjects/RoombaWars/Content/Isometric-Interiors/Blueprints/Assets/BP_Towel_1.uasset" 227
"../../../Engine/Content/EditorBlueprintResources/StandardMacros.uasset" 228
"../../../Engine/Content/EngineSky/T_Sky_Stars.uasset" 229
"../../../Engine/Content/EngineSky/T_Sky_Clouds_M.uasset" 230
"../../../Engine/Content/EngineSky/T_Sky_Blue.uasset" 231
"../../../Engine/Content/EngineSky/M_Sky_Panning_Clouds2.uasset" 232
"../../../Engine/Content/EngineSky/SM_SkySphere.uasset" 233
"../../../Engine/Content/EngineSky/C_Sky_Zenith_Color.uasset" 234
"../../../Engine/Content/EngineSky/C_Sky_Horizon_Color.uasset" 235
"../../../Engine/Content/EngineSky/C_Sky_Cloud_Color.uasset" 236
"../../../Engine/Content/EngineSky/BP_Sky_Sphere.uasset" 237
"D:/UnrealProjects/RoombaWars/Content/Isometric-Interiors/Maps/Map_1_BuiltData.uasset" 238
"D:/UnrealProjects/RoombaWars/Content/Isometric-Interiors/Meshes/SM_Bath_Tub.uasset" 239
"D:/UnrealProjects/RoombaWars/Content/Isometric-Interiors/Meshes/SM_Bed_1B.uasset" 240
"D:/UnrealProjects/RoombaWars/Content/Isometric-Interiors/Meshes/SM_Bed_2B.uasset" 241
"D:/UnrealProjects/RoombaWars/Content/Isometric-Interiors/Meshes/SM_Books_1.uasset" 242
"D:/UnrealProjects/RoombaWars/Content/Isometric-Interiors/Meshes/SM_Books_2.uasset" 243
"D:/UnrealProjects/RoombaWars/Content/Isometric-Interiors/Meshes/SM_Books_3.uasset" 244
"D:/UnrealProjects/RoombaWars/Content/Isometric-Interiors/Meshes/SM_Books_4.uasset" 245
"D:/UnrealProjects/RoombaWars/Content/Isometric-Interiors/Meshes/SM_Books_5.uasset" 246
"D:/UnrealProjects/RoombaWars/Content/Isometric-Interiors/Meshes/SM_Books_6.uasset" 247
"D:/UnrealProjects/RoombaWars/Content/Isometric-Interiors/Meshes/SM_Bottle_1.uasset" 248
"D:/UnrealProjects/RoombaWars/Content/Isometric-Interiors/Meshes/SM_Bowl.uasset" 249
"D:/UnrealProjects/RoombaWars/Content/Isometric-Interiors/Meshes/SM_Carpet_1A.uasset" 250
"D:/UnrealProjects/RoombaWars/Content/Isometric-Interiors/Meshes/SM_Carpet_1C.uasset" 251
"D:/UnrealProjects/RoombaWars/Content/Isometric-Interiors/Meshes/SM_Carpet_2A.uasset" 252
"D:/UnrealProjects/RoombaWars/Content/Isometric-Interiors/Meshes/SM_Carpet_2B.uasset" 253
"D:/UnrealProjects/RoombaWars/Content/Isometric-Interiors/Meshes/SM_Carpet_3B.uasset" 254
"D:/UnrealProjects/RoombaWars/Content/Isometric-Interiors/Meshes/SM_Chair_1A.uasset" 255
"D:/UnrealProjects/RoombaWars/Content/Isometric-Interiors/Meshes/SM_Chair_1B.uasset" 256
"D:/UnrealProjects/RoombaWars/Content/Isometric-Interiors/Meshes/SM_Chair_2.uasset" 257
"D:/UnrealProjects/RoombaWars/Content/Isometric-Interiors/Meshes/SM_Clock.uasset" 258
"D:/UnrealProjects/RoombaWars/Content/Isometric-Interiors/Meshes/SM_Computer_1.uasset" 259
"D:/UnrealProjects/RoombaWars/Content/Isometric-Interiors/Meshes/SM_Computer_3A.uasset" 260
"D:/UnrealProjects/RoombaWars/Content/Isometric-Interiors/Meshes/SM_Computer_4A.uasset" 261
"D:/UnrealProjects/RoombaWars/Content/Isometric-Interiors/Meshes/SM_Computer_5A.uasset" 262
"D:/UnrealProjects/RoombaWars/Content/Isometric-Interiors/Meshes/SM_Couch_1B.uasset" 263
"D:/UnrealProjects/RoombaWars/Content/Isometric-Interiors/Meshes/SM_Cup_1.uasset" 264
"D:/UnrealProjects/RoombaWars/Content/Isometric-Interiors/Meshes/SM_Cup_2.uasset" 265
"D:/UnrealProjects/RoombaWars/Content/Isometric-Interiors/Meshes/SM_Cup_4.uasset" 266
"D:/UnrealProjects/RoombaWars/Content/Isometric-Interiors/Meshes/SM_Cupboard_2_3.uasset" 267
"D:/UnrealProjects/RoombaWars/Content/Isometric-Interiors/Meshes/SM_Desk_2.uasset" 268
"D:/UnrealProjects/RoombaWars/Content/Isometric-Interiors/Meshes/SM_Drawer_3A.uasset" 269
"D:/UnrealProjects/RoombaWars/Content/Isometric-Interiors/Meshes/SM_Drawer_2B.uasset" 270
"D:/UnrealProjects/RoombaWars/Content/Isometric-Interiors/Meshes/SM_Door_2B.uasset" 271
"D:/UnrealProjects/RoombaWars/Content/Isometric-Interiors/Maps/Map_1.umap" 272
"D:/UnrealProjects/RoombaWars/Content/Isometric-Interiors/Meshes/SM_Wall_2_2.uasset" 273
"D:/UnrealProjects/RoombaWars/Content/Isometric-Interiors/Meshes/SM_Wall_2_17.uasset" 274
"D:/UnrealProjects/RoombaWars/Content/Isometric-Interiors/Meshes/SM_Table_6B.uasset" 275
"D:/UnrealProjects/RoombaWars/Content/Isometric-Interiors/Meshes/SM_Table_5A.uasset" 276
"D:/UnrealProjects/RoombaWars/Content/Isometric-Interiors/Meshes/SM_Speaker.uasset" 277
"D:/UnrealProjects/RoombaWars/Content/Isometric-Interiors/Meshes/SM_Shelves_1B.uasset" 278
"D:/UnrealProjects/RoombaWars/Content/Isometric-Interiors/Meshes/SM_Pillow_2B.uasset" 279
"D:/UnrealProjects/RoombaWars/Content/Isometric-Interiors/Meshes/SM_Paint_9.uasset" 280
"D:/UnrealProjects/RoombaWars/Content/Isometric-Interiors/Meshes/SM_Paint_3.uasset" 281
"D:/UnrealProjects/RoombaWars/Content/Isometric-Interiors/Meshes/SM_Paint_2.uasset" 282
"D:/UnrealProjects/RoombaWars/Content/Isometric-Interiors/Meshes/SM_Paint_12.uasset" 283
"D:/UnrealProjects/RoombaWars/Content/Isometric-Interiors/Meshes/SM_Paint_11.uasset" 284
"D:/UnrealProjects/RoombaWars/Content/Isometric-Interiors/Meshes/SM_Paint_1.uasset" 285
"D:/UnrealProjects/RoombaWars/Content/Isometric-Interiors/Meshes/SM_Lamp_night_1B.uasset" 286
"D:/UnrealProjects/RoombaWars/Content/Isometric-Interiors/Meshes/SM_Kitchen_Cabinet_6A.uasset" 287
"D:/UnrealProjects/RoombaWars/Content/Isometric-Interiors/Meshes/SM_Kitchen_Cabinet_5A.uasset" 288
"D:/UnrealProjects/RoombaWars/Content/Isometric-Interiors/Meshes/SM_Kitchen_Cabinet_4A.uasset" 289
"D:/UnrealProjects/RoombaWars/Content/Isometric-Interiors/Meshes/SM_Kitchen_Cabinet_3A.uasset" 290
"D:/UnrealProjects/RoombaWars/Content/Isometric-Interiors/Meshes/SM_Kitchen_Cabinet_2A.uasset" 291
"D:/UnrealProjects/RoombaWars/Content/Isometric-Interiors/Meshes/SM_Kitchen_Cabinet_1A.uasset" 292
"D:/UnrealProjects/RoombaWars/Content/Isometric-Interiors/Meshes/SM_Floor_5B.uasset" 293
"D:/UnrealProjects/RoombaWars/Content/Isometric-Interiors/Meshes/SM_Floor_4A.uasset" 294
"D:/UnrealProjects/RoombaWars/Content/Isometric-Interiors/Meshes/SM_Floor_2A.uasset" 295
"D:/UnrealProjects/RoombaWars/Content/Isometric-Interiors/Meshes/SM_Floor_1A.uasset" 296
"D:/UnrealProjects/RoombaWars/Content/Isometric-Interiors/Meshes/SM_Door_1A.uasset" 297
"D:/UnrealProjects/RoombaWars/Content/Isometric-Interiors/Meshes/SM_Curtain_3.uasset" 298
"D:/UnrealProjects/RoombaWars/Content/Isometric-Interiors/Meshes/SM_Cupboard_1_4.uasset" 299
"D:/UnrealProjects/RoombaWars/Content/Isometric-Interiors/Meshes/SM_Cupboard_1_3.uasset" 300
"D:/UnrealProjects/RoombaWars/Content/Isometric-Interiors/Meshes/SM_Cupboard_1_1.uasset" 301
"D:/UnrealProjects/RoombaWars/Content/Isometric-Interiors/Meshes/SM_Cup_3.uasset" 302
"D:/UnrealProjects/RoombaWars/Content/Isometric-Interiors/Meshes/SM_Couch_4B.uasset" 303
"D:/UnrealProjects/RoombaWars/Content/Isometric-Interiors/Meshes/SM_Couch_4A.uasset" 304
"D:/UnrealProjects/RoombaWars/Content/Isometric-Interiors/Meshes/SM_Cooker.uasset" 305
"D:/UnrealProjects/RoombaWars/Content/Isometric-Interiors/Meshes/SM_Computer_5B.uasset" 306
"D:/UnrealProjects/RoombaWars/Content/Isometric-Interiors/Meshes/SM_Computer_4B.uasset" 307
"D:/UnrealProjects/RoombaWars/Content/Isometric-Interiors/Meshes/SM_Computer_3B.uasset" 308
"D:/UnrealProjects/RoombaWars/Content/Isometric-Interiors/Meshes/SM_Chair_3.uasset" 309
"D:/UnrealProjects/RoombaWars/Content/Isometric-Interiors/Meshes/SM_Carpet_3C.uasset" 310
"D:/UnrealProjects/RoombaWars/Content/Isometric-Interiors/Meshes/SM_Carpet_3A.uasset" 311
"D:/UnrealProjects/RoombaWars/Content/Isometric-Interiors/Meshes/SM_Carpet_1B.uasset" 312
"D:/UnrealProjects/RoombaWars/Content/Isometric-Interiors/Meshes/SM_Bottle_2.uasset" 313
"D:/UnrealProjects/RoombaWars/Content/Isometric-Interiors/Meshes/SM_Bench.uasset" 314
"D:/UnrealProjects/RoombaWars/Content/Isometric-Interiors/Meshes/SM_Bed_2A.uasset" 315
"D:/UnrealProjects/RoombaWars/Content/Isometric-Interiors/Mirror_Cubemap/Mirror_2_Tex.uasset" 316
"D:/UnrealProjects/RoombaWars/Content/Isometric-Interiors/Materials/M_Mirror_Glass_2.uasset" 317
"D:/UnrealProjects/RoombaWars/Content/Isometric-Interiors/Meshes/SM_Computer_2.uasset" 318
"D:/UnrealProjects/RoombaWars/Content/Isometric-Interiors/Maps/Map_2_BuiltData.uasset" 319
"D:/UnrealProjects/RoombaWars/Content/Isometric-Interiors/Meshes/SM_Window_4A.uasset" 320
"D:/UnrealProjects/RoombaWars/Content/Isometric-Interiors/Meshes/SM_Window_1A.uasset" 321
"D:/UnrealProjects/RoombaWars/Content/Isometric-Interiors/Meshes/SM_WardRobe_1A.uasset" 322
"D:/UnrealProjects/RoombaWars/Content/Isometric-Interiors/Meshes/SM_Wall_2_9.uasset" 323
"D:/UnrealProjects/RoombaWars/Content/Isometric-Interiors/Meshes/SM_Wall_2_8.uasset" 324
"D:/UnrealProjects/RoombaWars/Content/Isometric-Interiors/Meshes/SM_Wall_2_6.uasset" 325
"D:/UnrealProjects/RoombaWars/Content/Isometric-Interiors/Meshes/SM_Wall_2_5.uasset" 326
"D:/UnrealProjects/RoombaWars/Content/Isometric-Interiors/Maps/Map_2.umap" 327
"D:/UnrealProjects/RoombaWars/Content/Isometric-Interiors/Meshes/SM_Window_5B.uasset" 328
"D:/UnrealProjects/RoombaWars/Content/Isometric-Interiors/Meshes/SM_Window_4B.uasset" 329
"D:/UnrealProjects/RoombaWars/Content/Isometric-Interiors/Meshes/SM_Wall_3_7.uasset" 330
"D:/UnrealProjects/RoombaWars/Content/Isometric-Interiors/Meshes/SM_Wall_3_6.uasset" 331
"D:/UnrealProjects/RoombaWars/Content/Isometric-Interiors/Meshes/SM_Wall_3_3.uasset" 332
"D:/UnrealProjects/RoombaWars/Content/Isometric-Interiors/Meshes/SM_Wall_3_14.uasset" 333
"D:/UnrealProjects/RoombaWars/Content/Isometric-Interiors/Meshes/SM_Wall_3_13.uasset" 334
"D:/UnrealProjects/RoombaWars/Content/Isometric-Interiors/Meshes/SM_Wall_3_11.uasset" 335
"D:/UnrealProjects/RoombaWars/Content/Isometric-Interiors/Meshes/SM_Wall_3_1.uasset" 336
"D:/UnrealProjects/RoombaWars/Content/Isometric-Interiors/Meshes/SM_TV_2.uasset" 337
"D:/UnrealProjects/RoombaWars/Content/Isometric-Interiors/Meshes/SM_Toilet_Seat.uasset" 338
"D:/UnrealProjects/RoombaWars/Content/Isometric-Interiors/Meshes/SM_Table_2.uasset" 339
"D:/UnrealProjects/RoombaWars/Content/Isometric-Interiors/Meshes/SM_Table_1A.uasset" 340
"D:/UnrealProjects/RoombaWars/Content/Isometric-Interiors/Meshes/SM_Stool_3B.uasset" 341
"D:/UnrealProjects/RoombaWars/Content/Isometric-Interiors/Meshes/SM_Stool_3A.uasset" 342
"D:/UnrealProjects/RoombaWars/Content/Isometric-Interiors/Meshes/SM_Shelves_3A.uasset" 343
"D:/UnrealProjects/RoombaWars/Content/Isometric-Interiors/Meshes/SM_Pillow_3A.uasset" 344
"D:/UnrealProjects/RoombaWars/Content/Isometric-Interiors/Meshes/SM_Pillow_2A.uasset" 345
"D:/UnrealProjects/RoombaWars/Content/Isometric-Interiors/Meshes/SM_Paint_5.uasset" 346
"D:/UnrealProjects/RoombaWars/Content/Isometric-Interiors/Meshes/SM_Paint_14.uasset" 347
"D:/UnrealProjects/RoombaWars/Content/Isometric-Interiors/Meshes/SM_Paint_10.uasset" 348
"D:/UnrealProjects/RoombaWars/Content/Isometric-Interiors/Meshes/SM_Floor_2B.uasset" 349
"D:/UnrealProjects/RoombaWars/Content/Isometric-Interiors/Meshes/SM_DustBin_2.uasset" 350
"D:/UnrealProjects/RoombaWars/Content/Isometric-Interiors/Meshes/SM_DustBin_1.uasset" 351
"D:/UnrealProjects/RoombaWars/Content/Isometric-Interiors/Meshes/SM_Drawer_2A.uasset" 352
"D:/UnrealProjects/RoombaWars/Content/Isometric-Interiors/Mirror_Cubemap/Mirror_3_Tex.uasset" 353
"D:/UnrealProjects/RoombaWars/Content/Isometric-Interiors/Materials/M_Mirror_Glass_3.uasset" 354
"D:/UnrealProjects/RoombaWars/Content/Isometric-Interiors/Meshes/SM_Curtain_1.uasset" 355
"D:/UnrealProjects/RoombaWars/Content/Isometric-Interiors/Maps/Map_3_BuiltData.uasset" 356
"D:/UnrealProjects/RoombaWars/Content/Isometric-Interiors/Meshes/SM_Towel_2.uasset" 357
"D:/UnrealProjects/RoombaWars/Content/Isometric-Interiors/Blueprints/Assets/BP_Towel_2.uasset" 358
"D:/UnrealProjects/RoombaWars/Content/Isometric-Interiors/Maps/Map_3.umap" 359
"D:/UnrealProjects/RoombaWars/Content/Isometric-Interiors/Meshes/SM_WardRobe_2A.uasset" 360
"D:/UnrealProjects/RoombaWars/Content/Isometric-Interiors/Meshes/SM_Wall_4_7.uasset" 361
"D:/UnrealProjects/RoombaWars/Content/Isometric-Interiors/Meshes/SM_Wall_4_4.uasset" 362
"D:/UnrealProjects/RoombaWars/Content/Isometric-Interiors/Meshes/SM_Wall_4_14.uasset" 363
"D:/UnrealProjects/RoombaWars/Content/Isometric-Interiors/Meshes/SM_Wall_4_13.uasset" 364
"D:/UnrealProjects/RoombaWars/Content/Isometric-Interiors/Meshes/SM_Wall_4_12.uasset" 365
"D:/UnrealProjects/RoombaWars/Content/Isometric-Interiors/Meshes/SM_Wall_4_10.uasset" 366
"D:/UnrealProjects/RoombaWars/Content/Isometric-Interiors/Meshes/SM_Wall_4_1.uasset" 367
"D:/UnrealProjects/RoombaWars/Content/Isometric-Interiors/Meshes/SM_Shelves_2A.uasset" 368
"D:/UnrealProjects/RoombaWars/Content/Isometric-Interiors/Meshes/SM_Floor_5A.uasset" 369
"D:/UnrealProjects/RoombaWars/Content/Isometric-Interiors/Meshes/SM_Drawer_4.uasset" 370
"D:/UnrealProjects/RoombaWars/Content/Isometric-Interiors/Meshes/SM_Drawer_3B.uasset" 371
"D:/UnrealProjects/RoombaWars/Content/Isometric-Interiors/Meshes/SM_Door_1B.uasset" 372
"D:/UnrealProjects/RoombaWars/Content/Isometric-Interiors/Meshes/SM_Curtain_2.uasset" 373
"D:/UnrealProjects/RoombaWars/Content/Isometric-Interiors/Meshes/SM_Couch_3B.uasset" 374
"D:/UnrealProjects/RoombaWars/Content/Isometric-Interiors/Meshes/SM_Bed_1A.uasset" 375
"D:/UnrealProjects/RoombaWars/Content/Isometric-Interiors/Mirror_Cubemap/Mirror_4_Tex.uasset" 376
"D:/UnrealProjects/RoombaWars/Content/Isometric-Interiors/Materials/M_Mirror_Glass_4.uasset" 377
"D:/UnrealProjects/RoombaWars/Content/Isometric-Interiors/Meshes/SM_Couch_2B.uasset" 378
"D:/UnrealProjects/RoombaWars/Content/Isometric-Interiors/Maps/Map_4_BuiltData.uasset" 379
"D:/UnrealProjects/RoombaWars/Content/Isometric-Interiors/Maps/Map_4.umap" 380
"D:/UnrealProjects/RoombaWars/Content/Isometric-Interiors/Meshes/SM_Window_3B.uasset" 381
"D:/UnrealProjects/RoombaWars/Content/Isometric-Interiors/Meshes/SM_Window_2A.uasset" 382
"D:/UnrealProjects/RoombaWars/Content/Isometric-Interiors/Meshes/SM_Window_1B.uasset" 383
"D:/UnrealProjects/RoombaWars/Content/Isometric-Interiors/Meshes/SM_WardRobe_1B.uasset" 384
"D:/UnrealProjects/RoombaWars/Content/Isometric-Interiors/Meshes/SM_Wall_4_9.uasset" 385
"D:/UnrealProjects/RoombaWars/Content/Isometric-Interiors/Meshes/SM_Wall_4_6.uasset" 386
"D:/UnrealProjects/RoombaWars/Content/Isometric-Interiors/Meshes/SM_Wall_4_11.uasset" 387
"D:/UnrealProjects/RoombaWars/Content/Isometric-Interiors/Meshes/SM_Wall_2_4.uasset" 388
"D:/UnrealProjects/RoombaWars/Content/Isometric-Interiors/Meshes/SM_Wall_2_15.uasset" 389
"D:/UnrealProjects/RoombaWars/Content/Isometric-Interiors/Meshes/SM_Wall_2_14.uasset" 390
"D:/UnrealProjects/RoombaWars/Content/Isometric-Interiors/Meshes/SM_Wall_2_11.uasset" 391
"D:/UnrealProjects/RoombaWars/Content/Isometric-Interiors/Meshes/SM_Wall_2_1.uasset" 392
"D:/UnrealProjects/RoombaWars/Content/Isometric-Interiors/Meshes/SM_Wall_1_7.uasset" 393
"D:/UnrealProjects/RoombaWars/Content/Isometric-Interiors/Meshes/SM_Wall_1_3.uasset" 394
"D:/UnrealProjects/RoombaWars/Content/Isometric-Interiors/Meshes/SM_Wall_1_2.uasset" 395
"D:/UnrealProjects/RoombaWars/Content/Isometric-Interiors/Meshes/SM_Wall_1_17.uasset" 396
"D:/UnrealProjects/RoombaWars/Content/Isometric-Interiors/Meshes/SM_Stool_1A.uasset" 397
"D:/UnrealProjects/RoombaWars/Content/Isometric-Interiors/Meshes/SM_Shelves_2B.uasset" 398
"D:/UnrealProjects/RoombaWars/Content/Isometric-Interiors/Meshes/SM_Pillow_3B.uasset" 399
"D:/UnrealProjects/RoombaWars/Content/Isometric-Interiors/Meshes/SM_Paint_8.uasset" 400
"D:/UnrealProjects/RoombaWars/Content/Isometric-Interiors/Meshes/SM_Paint_7.uasset" 401
"D:/UnrealProjects/RoombaWars/Content/Isometric-Interiors/Meshes/SM_Paint_6.uasset" 402
"D:/UnrealProjects/RoombaWars/Content/Isometric-Interiors/Meshes/SM_Paint_4.uasset" 403
"D:/UnrealProjects/RoombaWars/Content/Isometric-Interiors/Meshes/SM_Lamp_1B.uasset" 404
"D:/UnrealProjects/RoombaWars/Content/Isometric-Interiors/Meshes/SM_Floor_4B.uasset" 405
"D:/UnrealProjects/RoombaWars/Content/Isometric-Interiors/Meshes/SM_Door_2A.uasset" 406
"D:/UnrealProjects/RoombaWars/Content/Isometric-Interiors/Meshes/SM_Desk_1.uasset" 407
"D:/UnrealProjects/RoombaWars/Content/Isometric-Interiors/Meshes/SM_Cupboard_2_4.uasset" 408
"D:/UnrealProjects/RoombaWars/Content/Isometric-Interiors/Meshes/SM_Cupboard_2_2.uasset" 409
"D:/UnrealProjects/RoombaWars/Content/Isometric-Interiors/Meshes/SM_Cupboard_2_1.uasset" 410
"D:/UnrealProjects/RoombaWars/Content/Isometric-Interiors/Meshes/SM_Cupboard_1_2.uasset" 411
"D:/UnrealProjects/RoombaWars/Content/Isometric-Interiors/Meshes/SM_Couch_3A.uasset" 412
"D:/UnrealProjects/RoombaWars/Content/Isometric-Interiors/Mirror_Cubemap/Mirror_7_Tex.uasset" 413
"D:/UnrealProjects/RoombaWars/Content/Isometric-Interiors/Materials/M_Mirror_Glass_7.uasset" 414
"D:/UnrealProjects/RoombaWars/Content/Isometric-Interiors/Mirror_Cubemap/Mirror_6_Tex.uasset" 415
"D:/UnrealProjects/RoombaWars/Content/Isometric-Interiors/Materials/M_Mirror_Glass_6.uasset" 416
"D:/UnrealProjects/RoombaWars/Content/Isometric-Interiors/Mirror_Cubemap/Mirror_5_Tex.uasset" 417
"D:/UnrealProjects/RoombaWars/Content/Isometric-Interiors/Materials/M_Mirror_Glass_5.uasset" 418
"D:/UnrealProjects/RoombaWars/Content/Isometric-Interiors/Maps/Map_5_BuiltData.uasset" 419
"D:/UnrealProjects/RoombaWars/Content/Isometric-Interiors/Maps/Map_5.umap" 420
"D:/UnrealProjects/RoombaWars/Content/Isometric-Interiors/Meshes/SM_Window_5A.uasset" 421
"D:/UnrealProjects/RoombaWars/Content/Isometric-Interiors/Meshes/SM_Window_2B.uasset" 422
"D:/UnrealProjects/RoombaWars/Content/Isometric-Interiors/Meshes/SM_WardRobe_2B.uasset" 423
"D:/UnrealProjects/RoombaWars/Content/Isometric-Interiors/Meshes/SM_Wall_4_8.uasset" 424
"D:/UnrealProjects/RoombaWars/Content/Isometric-Interiors/Meshes/SM_Wall_4_5.uasset" 425
"D:/UnrealProjects/RoombaWars/Content/Isometric-Interiors/Meshes/SM_Wall_4_3.uasset" 426
"D:/UnrealProjects/RoombaWars/Content/Isometric-Interiors/Meshes/SM_Wall_4_2.uasset" 427
"D:/UnrealProjects/RoombaWars/Content/Isometric-Interiors/Meshes/SM_Wall_3_9.uasset" 428
"D:/UnrealProjects/RoombaWars/Content/Isometric-Interiors/Meshes/SM_Wall_3_8.uasset" 429
"D:/UnrealProjects/RoombaWars/Content/Isometric-Interiors/Meshes/SM_Wall_3_5.uasset" 430
"D:/UnrealProjects/RoombaWars/Content/Isometric-Interiors/Meshes/SM_Wall_3_4.uasset" 431
"D:/UnrealProjects/RoombaWars/Content/Isometric-Interiors/Meshes/SM_Wall_3_2.uasset" 432
"D:/UnrealProjects/RoombaWars/Content/Isometric-Interiors/Meshes/SM_Wall_3_12.uasset" 433
"D:/UnrealProjects/RoombaWars/Content/Isometric-Interiors/Meshes/SM_Wall_3_10.uasset" 434
"D:/UnrealProjects/RoombaWars/Content/Isometric-Interiors/Meshes/SM_Wall_2_7.uasset" 435
"D:/UnrealProjects/RoombaWars/Content/Isometric-Interiors/Meshes/SM_Wall_2_3.uasset" 436
"D:/UnrealProjects/RoombaWars/Content/Isometric-Interiors/Meshes/SM_Wall_2_16.uasset" 437
"D:/UnrealProjects/RoombaWars/Content/Isometric-Interiors/Meshes/SM_Wall_2_13.uasset" 438
"D:/UnrealProjects/RoombaWars/Content/Isometric-Interiors/Meshes/SM_Wall_2_12.uasset" 439
"D:/UnrealProjects/RoombaWars/Content/Isometric-Interiors/Meshes/SM_Wall_2_10.uasset" 440
"D:/UnrealProjects/RoombaWars/Content/Isometric-Interiors/Meshes/SM_Wall_1_9.uasset" 441
"D:/UnrealProjects/RoombaWars/Content/Isometric-Interiors/Meshes/SM_Wall_1_8.uasset" 442
"D:/UnrealProjects/RoombaWars/Content/Isometric-Interiors/Meshes/SM_Wall_1_5.uasset" 443
"D:/UnrealProjects/RoombaWars/Content/Isometric-Interiors/Meshes/SM_Wall_1_4.uasset" 444
"D:/UnrealProjects/RoombaWars/Content/Isometric-Interiors/Meshes/SM_Wall_1_13.uasset" 445
"D:/UnrealProjects/RoombaWars/Content/Isometric-Interiors/Meshes/SM_Wall_1_12.uasset" 446
"D:/UnrealProjects/RoombaWars/Content/Isometric-Interiors/Meshes/SM_Wall_1_11.uasset" 447
"D:/UnrealProjects/RoombaWars/Content/Isometric-Interiors/Meshes/SM_Wall_1_10.uasset" 448
"D:/UnrealProjects/RoombaWars/Content/Isometric-Interiors/Meshes/SM_Table_6A.uasset" 449
"D:/UnrealProjects/RoombaWars/Content/Isometric-Interiors/Meshes/SM_Table_4.uasset" 450
"D:/UnrealProjects/RoombaWars/Content/Isometric-Interiors/Meshes/SM_Stool_1B.uasset" 451
"D:/UnrealProjects/RoombaWars/Content/Isometric-Interiors/Meshes/SM_Shelves_3B.uasset" 452
"D:/UnrealProjects/RoombaWars/Content/Isometric-Interiors/Meshes/SM_Pillow_1A.uasset" 453
"D:/UnrealProjects/RoombaWars/Content/Isometric-Interiors/Meshes/SM_Kitchen_Cabinet_3B.uasset" 454
"D:/UnrealProjects/RoombaWars/Content/Isometric-Interiors/Meshes/SM_Kitchen_Cabinet_2B.uasset" 455
"D:/UnrealProjects/RoombaWars/Content/Isometric-Interiors/Meshes/SM_Drawer_1B.uasset" 456
"D:/UnrealProjects/RoombaWars/Content/Isometric-Interiors/Meshes/SM_Drawer_1A.uasset" 457
"D:/UnrealProjects/RoombaWars/Content/Isometric-Interiors/Meshes/SM_Couch_2A.uasset" 458
"D:/UnrealProjects/RoombaWars/Content/Isometric-Interiors/Meshes/SM_Couch_1A.uasset" 459
"../../../Engine/Content/MapTemplates/SM_Template_Map_Floor.uasset" 460
"D:/UnrealProjects/RoombaWars/Content/Isometric-Interiors/Maps/Overview_Map_BuiltData.uasset" 461
"D:/UnrealProjects/RoombaWars/Content/Isometric-Interiors/Maps/Overview_Map.umap" 462
"../../../Engine/Content/BasicShapes/Plane.uasset" 463
"D:/UnrealProjects/RoombaWars/Content/Levels/HungryLevels/BedRoom_Hungry_BuiltData.uasset" 464
"D:/UnrealProjects/RoombaWars/Content/Levels/Assets/BedRoom/BedroomWall1.uasset" 465
"D:/UnrealProjects/RoombaWars/Content/Levels/Assets/BedRoom/BedroomFloor1.uasset" 466
"D:/UnrealProjects/RoombaWars/Content/PlayerFiles/Hungry/PlayerStateHungry.uasset" 467
"../../../Engine/Content/EditorBlueprintResources/ActorMacros.uasset" 468
"D:/UnrealProjects/RoombaWars/Content/PlayerFiles/Roomba_Controller.uasset" 469
"D:/UnrealProjects/RoombaWars/Content/PlayerFiles/Assets/Material_002.uasset" 470
"D:/UnrealProjects/RoombaWars/Content/PlayerFiles/Assets/Material_001.uasset" 471
"D:/UnrealProjects/RoombaWars/Content/PlayerFiles/Assets/vacuum.uasset" 472
"D:/UnrealProjects/RoombaWars/Content/PlayerFiles/Assets/Roomba_Y.uasset" 473
"D:/UnrealProjects/RoombaWars/Content/Levels/RoomMapEnumerator.uasset" 474
"D:/UnrealProjects/RoombaWars/Content/Levels/GameModeEnumerator.uasset" 475
"D:/UnrealProjects/RoombaWars/Content/PlayerFiles/Lobby/LobbyPlayerInfo.uasset" 476
"D:/UnrealProjects/RoombaWars/Content/Gamemodes/Menus/Server_Entry.uasset" 477
"D:/UnrealProjects/RoombaWars/Content/Gamemodes/Menus/ServerList.uasset" 478
"D:/UnrealProjects/RoombaWars/Content/Gamemodes/Menus/Options.uasset" 479
"../../../Engine/Content/EngineFonts/Faces/RobotoRegular.uasset" 480
"../../../Engine/Content/EngineFonts/Faces/RobotoLight.uasset" 481
"../../../Engine/Content/EngineFonts/Faces/RobotoItalic.uasset" 482
"../../../Engine/Content/EngineFonts/Faces/RobotoBoldItalic.uasset" 483
"../../../Engine/Content/EngineFonts/Faces/RobotoBold.uasset" 484
"../../../Engine/Content/EngineFonts/Faces/DroidSansFallback.uasset" 485
"../../../Engine/Content/EngineFonts/Roboto.uasset" 486
"D:/UnrealProjects/RoombaWars/Content/Gamemodes/Menus/Host_Game.uasset" 487
"D:/UnrealProjects/RoombaWars/Content/Gamemodes/Menus/ExampleBackground.uasset" 488
"D:/UnrealProjects/RoombaWars/Content/Gamemodes/Menus/Main_Menu.uasset" 489
"D:/UnrealProjects/RoombaWars/Content/Gamemodes/Master_Instance.uasset" 490
"D:/UnrealProjects/RoombaWars/Content/Gamemodes/Minigame_Base.uasset" 491
"D:/UnrealProjects/RoombaWars/Content/Gamemodes/Minigame_Base_State.uasset" 492
"D:/UnrealProjects/RoombaWars/Content/PlayerFiles/Hungry/Widget_Hungry.uasset" 493
"D:/UnrealProjects/RoombaWars/Content/PlayerFiles/Hungry/Hungry_Entry.uasset" 494
"D:/UnrealProjects/RoombaWars/Content/PlayerFiles/Hungry/EndGame_Screen_Hungry.uasset" 495
"D:/UnrealProjects/RoombaWars/Content/Gamemodes/Hungry/Hungry_State.uasset" 496
"D:/UnrealProjects/RoombaWars/Content/PlayerFiles/Hungry/Roomba_Controller_Hungry.uasset" 497
"../../../Engine/Content/BasicShapes/Sphere.uasset" 498
"D:/UnrealProjects/RoombaWars/Content/Assets/Hungry/DustParticleMaterial.uasset" 499
"D:/UnrealProjects/RoombaWars/Content/Assets/Hungry/Collectable.uasset" 500
"D:/UnrealProjects/RoombaWars/Content/Gamemodes/Hungry/Hungry.uasset" 501
"D:/UnrealProjects/RoombaWars/Content/Levels/HungryLevels/BedRoom_Hungry.umap" 502
"D:/UnrealProjects/RoombaWars/Content/Levels/HungryLevels/Kitchen_Hungry_BuiltData.uasset" 503
"D:/UnrealProjects/RoombaWars/Content/Levels/Assets/Kitchen/Kitchen_Wall.uasset" 504
"D:/UnrealProjects/RoombaWars/Content/Levels/Assets/Kitchen/Kitchen_Tile.uasset" 505
"D:/UnrealProjects/RoombaWars/Content/Levels/HungryLevels/Kitchen_Hungry.umap" 506
"D:/UnrealProjects/RoombaWars/Content/Levels/HungryLevels/LivingRoom_Hungry_BuiltData.uasset" 507
"D:/UnrealProjects/RoombaWars/Content/Levels/Assets/LivingRoom/LivingRoomWall.uasset" 508
"D:/UnrealProjects/RoombaWars/Content/Levels/Assets/LivingRoom/LivingRoomCarpet.uasset" 509
"D:/UnrealProjects/RoombaWars/Content/Levels/HungryLevels/LivingRoom_Hungry.umap" 510
"../../../Engine/Content/BasicShapes/Cube.uasset" 511
"D:/UnrealProjects/RoombaWars/Content/Levels/Lobby/Lobby_BuiltData.uasset" 512
"D:/UnrealProjects/RoombaWars/Content/Levels/Assets/Lobby/Cardboard.uasset" 513
"D:/UnrealProjects/RoombaWars/Content/PlayerFiles/Lobby/Lobby_Player_Widget.uasset" 514
"D:/UnrealProjects/RoombaWars/Content/PlayerFiles/Lobby/Lobby_Player_Entry.uasset" 515
"D:/UnrealProjects/RoombaWars/Content/PlayerFiles/Lobby/Host_Lobby.uasset" 516
"D:/UnrealProjects/RoombaWars/Content/PlayerFiles/Lobby/LobbyController.uasset" 517
"D:/UnrealProjects/RoombaWars/Content/Gamemodes/Menus/LobbyMode.uasset" 518
"D:/UnrealProjects/RoombaWars/Content/Levels/Lobby/Lobby.umap" 519
"D:/UnrealProjects/RoombaWars/Content/Levels/Lobby/MainMenu_BuiltData.uasset" 520
"D:/UnrealProjects/RoombaWars/Content/Levels/Lobby/MainMenu.umap" 521
"D:/UnrealProjects/RoombaWars/Content/Levels/Lobby/Transition.umap" 522
"../../../Engine/Content/BasicShapes/BasicShapeMaterial.uasset" 523
"D:/UnrealProjects/RoombaWars/Content/Levels/RacingLevels/BedRoom_Racing_BuiltData.uasset" 524
"D:/UnrealProjects/RoombaWars/Content/Assets/Racing/Race_Path.uasset" 525
"D:/UnrealProjects/RoombaWars/Content/Assets/Racing/Checkpoint.uasset" 526
"D:/UnrealProjects/RoombaWars/Content/Assets/Racing/Lap_Checkpoint.uasset" 527
"D:/UnrealProjects/RoombaWars/Content/PlayerFiles/Racing/PlayerState_Racing.uasset" 528
"D:/UnrealProjects/RoombaWars/Content/PlayerFiles/Racing/Widget_Racing.uasset" 529
"D:/UnrealProjects/RoombaWars/Content/PlayerFiles/Racing/Racing_Entry.uasset" 530
"D:/UnrealProjects/RoombaWars/Content/PlayerFiles/Racing/EndGame_Screen_Racing.uasset" 531
"D:/UnrealProjects/RoombaWars/Content/PlayerFiles/Racing/Roomba_Controller_Racing.uasset" 532
"D:/UnrealProjects/RoombaWars/Content/Gamemodes/Racing/Racing_State.uasset" 533
"D:/UnrealProjects/RoombaWars/Content/PlayerFiles/Racing/Roomba_Y_Racing.uasset" 534
"D:/UnrealProjects/RoombaWars/Content/Gamemodes/Racing/Racing.uasset" 535
"D:/UnrealProjects/RoombaWars/Content/Levels/RacingLevels/BedRoom_Racing.umap" 536
"D:/UnrealProjects/RoombaWars/Content/Levels/RacingLevels/Kitchen_Racing_BuiltData.uasset" 537
"D:/UnrealProjects/RoombaWars/Content/Levels/RacingLevels/Kitchen_Racing.umap" 538
"D:/UnrealProjects/RoombaWars/Content/Levels/RacingLevels/LivingRoom_Racing_BuiltData.uasset" 539
"D:/UnrealProjects/RoombaWars/Content/Levels/RacingLevels/LivingRoom_Racing.umap" 540
"D:/UnrealProjects/RoombaWars/Content/Levels/TronLevels/BedRoom_Tron_BuiltData.uasset" 541
"D:/UnrealProjects/RoombaWars/Content/Levels/Assets/BedRoom/BedroomWall1_2.uasset" 542
"D:/UnrealProjects/RoombaWars/Content/Levels/Assets/BedRoom/BedroomFloor1_2.uasset" 543
"D:/UnrealProjects/RoombaWars/Content/Assets/Tron/Ribbon_Material.uasset" 544
"D:/UnrealProjects/RoombaWars/Content/Assets/Tron/Ribbon_Wall.uasset" 545
"D:/UnrealProjects/RoombaWars/Content/Assets/Tron/Ribbon.uasset" 546
"D:/UnrealProjects/RoombaWars/Content/PlayerFiles/Tron/PlayerState_Tron.uasset" 547
"D:/UnrealProjects/RoombaWars/Content/PlayerFiles/Tron/Tron_Entry.uasset" 548
"D:/UnrealProjects/RoombaWars/Content/PlayerFiles/Tron/EndGame_Screen_Tron.uasset" 549
"D:/UnrealProjects/RoombaWars/Content/Gamemodes/Tron/Tron_State.uasset" 550
"D:/UnrealProjects/RoombaWars/Content/PlayerFiles/Tron/Widget_Tron.uasset" 551
"D:/UnrealProjects/RoombaWars/Content/PlayerFiles/Tron/Roomba_Y_Tron.uasset" 552
"D:/UnrealProjects/RoombaWars/Content/PlayerFiles/Tron/Roomba_Controller_Tron.uasset" 553
"D:/UnrealProjects/RoombaWars/Content/Gamemodes/Tron/Tron.uasset" 554
"D:/UnrealProjects/RoombaWars/Content/Levels/TronLevels/BedRoom_Tron.umap" 555
"D:/UnrealProjects/RoombaWars/Content/Levels/TronLevels/Kitchen_Tron_BuiltData.uasset" 556
"D:/UnrealProjects/RoombaWars/Content/Levels/TronLevels/Kitchen_Tron.umap" 557
"D:/UnrealProjects/RoombaWars/Content/Levels/TronLevels/LivingRoom_Tron_BuiltData.uasset" 558
"D:/UnrealProjects/RoombaWars/Content/Levels/TronLevels/LivingRoom_Tron.umap" 559
"../../../Engine/Content/Maps/Entry_BuiltData.uasset" 560
"../../../Engine/Content/Maps/Entry.umap" 561
